<?xml version="1.0" encoding="UTF-8" standalone="no"?>
<!DOCTYPE log SYSTEM "logger.dtd">
<log>
<record>
  <date>2023-08-18T10:34:57.476-0300</date>
  <logger>KEVIN NICOLAS DA SILVA SANTOS</logger>
  <level>FINE</level>
  <message>File 122210821-KEVIN NICOLAS DA SILVA SANTOS.zip was received. It was sent by KEVIN NICOLAS DA SILVA SANTOS from IP 150.165.42.204 at 18-08-2023 10*34*57</message>
</record>
</log>
<?xml version="1.0" encoding="UTF-8" standalone="no"?>
<!DOCTYPE log SYSTEM "logger.dtd">
<log>
<record>
  <date>2023-08-25T08:22:47.831-0300</date>
  <logger>KEVIN NICOLAS DA SILVA SANTOS</logger>
  <level>FINE</level>
  <message>File 122210821-KEVIN NICOLAS DA SILVA SANTOS.zip was received. It was sent by KEVIN NICOLAS DA SILVA SANTOS from IP 150.165.42.213 at 25-08-2023 08*22*47</message>
</record>
</log>
<?xml version="1.0" encoding="UTF-8" standalone="no"?>
<!DOCTYPE log SYSTEM "logger.dtd">
<log>
<record>
  <date>2023-08-25T08:51:53.361-0300</date>
  <logger>KEVIN NICOLAS DA SILVA SANTOS</logger>
  <level>FINE</level>
  <message>File 122210821-KEVIN NICOLAS DA SILVA SANTOS.zip was received. It was sent by KEVIN NICOLAS DA SILVA SANTOS from IP 150.165.42.213 at 25-08-2023 08*51*53</message>
</record>
